Determining if the pthread_create exist failed with the following output:
Change Dir: /afs/athena.mit.edu/user/j/o/johnla/Documents/6.837/smoke_and_mirrors/linuxBuild/CMakeFiles/CMakeTmp

Run Build Command:/usr/bin/make "cmTryCompileExec90278845/fast"
/usr/bin/make -f CMakeFiles/cmTryCompileExec90278845.dir/build.make CMakeFiles/cmTryCompileExec90278845.dir/build
make[1]: Entering directory `/afs/athena.mit.edu/user/j/o/johnla/Documents/6.837/smoke_and_mirrors/linuxBuild/CMakeFiles/CMakeTmp'
/usr/bin/cmake -E cmake_progress_report /afs/athena.mit.edu/user/j/o/johnla/Documents/6.837/smoke_and_mirrors/linuxBuild/CMakeFiles/CMakeTmp/CMakeFiles 1
Building C object CMakeFiles/cmTryCompileExec90278845.dir/CheckSymbolExists.c.o
/usr/bin/cc    -o CMakeFiles/cmTryCompileExec90278845.dir/CheckSymbolExists.c.o   -c /afs/athena.mit.edu/user/j/o/johnla/Documents/6.837/smoke_and_mirrors/linuxBuild/CMakeFiles/CMakeTmp/CheckSymbolExists.c
Linking C executable cmTryCompileExec90278845
/usr/bin/cmake -E cmake_link_script CMakeFiles/cmTryCompileExec90278845.dir/link.txt --verbose=1
/usr/bin/cc       CMakeFiles/cmTryCompileExec90278845.dir/CheckSymbolExists.c.o  -o cmTryCompileExec90278845 -rdynamic 
CMakeFiles/cmTryCompileExec90278845.dir/CheckSymbolExists.c.o: In function `main':
CheckSymbolExists.c:(.text+0x16): undefined reference to `pthread_create'
collect2: error: ld returned 1 exit status
make[1]: *** [cmTryCompileExec90278845] Error 1
make[1]: Leaving directory `/afs/athena.mit.edu/user/j/o/johnla/Documents/6.837/smoke_and_mirrors/linuxBuild/CMakeFiles/CMakeTmp'
make: *** [cmTryCompileExec90278845/fast] Error 2

File /afs/athena.mit.edu/user/j/o/johnla/Documents/6.837/smoke_and_mirrors/linuxBuild/CMakeFiles/CMakeTmp/CheckSymbolExists.c:
/* */
#include <pthread.h>

int main(int argc, char** argv)
{
  (void)argv;
#ifndef pthread_create
  return ((int*)(&pthread_create))[argc];
#else
  (void)argc;
  return 0;
#endif
}

Determining if the function pthread_create exists in the pthreads failed with the following output:
Change Dir: /afs/athena.mit.edu/user/j/o/johnla/Documents/6.837/smoke_and_mirrors/linuxBuild/CMakeFiles/CMakeTmp

Run Build Command:/usr/bin/make "cmTryCompileExec3584450633/fast"
/usr/bin/make -f CMakeFiles/cmTryCompileExec3584450633.dir/build.make CMakeFiles/cmTryCompileExec3584450633.dir/build
make[1]: Entering directory `/afs/athena.mit.edu/user/j/o/johnla/Documents/6.837/smoke_and_mirrors/linuxBuild/CMakeFiles/CMakeTmp'
/usr/bin/cmake -E cmake_progress_report /afs/athena.mit.edu/user/j/o/johnla/Documents/6.837/smoke_and_mirrors/linuxBuild/CMakeFiles/CMakeTmp/CMakeFiles 1
Building C object CMakeFiles/cmTryCompileExec3584450633.dir/CheckFunctionExists.c.o
/usr/bin/cc   -DCHECK_FUNCTION_EXISTS=pthread_create   -o CMakeFiles/cmTryCompileExec3584450633.dir/CheckFunctionExists.c.o   -c /usr/share/cmake-2.8/Modules/CheckFunctionExists.c
Linking C executable cmTryCompileExec3584450633
/usr/bin/cmake -E cmake_link_script CMakeFiles/cmTryCompileExec3584450633.dir/link.txt --verbose=1
/usr/bin/cc   -DCHECK_FUNCTION_EXISTS=pthread_create    CMakeFiles/cmTryCompileExec3584450633.dir/CheckFunctionExists.c.o  -o cmTryCompileExec3584450633 -rdynamic -lpthreads 
/usr/bin/ld: cannot find -lpthreads
collect2: error: ld returned 1 exit status
make[1]: *** [cmTryCompileExec3584450633] Error 1
make[1]: Leaving directory `/afs/athena.mit.edu/user/j/o/johnla/Documents/6.837/smoke_and_mirrors/linuxBuild/CMakeFiles/CMakeTmp'
make: *** [cmTryCompileExec3584450633/fast] Error 2


